tests/vr-test-android/build/outputs/logs/manifest-merger-release-report.txt
-- Merging decision tree log ---
manifest
ADDED from tests\vr-test-android\AndroidManifest.xml:2:1-42:12
	package
		ADDED from tests\vr-test-android\AndroidManifest.xml:3:5-40
		INJECTED from tests\vr-test-android\AndroidManifest.xml
		INJECTED from tests\vr-test-android\AndroidManifest.xml
	android:versionName
		ADDED from tests\vr-test-android\AndroidManifest.xml:5:5-30
		INJECTED from tests\vr-test-android\AndroidManifest.xml
		INJECTED from tests\vr-test-android\AndroidManifest.xml
	android:versionCode
		ADDED from tests\vr-test-android\AndroidManifest.xml:4:5-28
		INJECTED from tests\vr-test-android\AndroidManifest.xml
		INJECTED from tests\vr-test-android\AndroidManifest.xml
	xmlns:android
		ADDED from tests\vr-test-android\AndroidManifest.xml:2:11-69
uses-sdk
ADDED from tests\vr-test-android\AndroidManifest.xml:8:5-74
MERGED from [gdx-vr-extension:gdx-vr-android:1.0] AndroidManifest.xml:6:5-8:41
MERGED from [com.google.vr:sdk-base:1.20.0] AndroidManifest.xml:5:5-73
MERGED from [com.google.vr:sdk-common:1.20.0] AndroidManifest.xml:3:5-73
	android:targetSdkVersion
		ADDED from tests\vr-test-android\AndroidManifest.xml:8:42-71
		INJECTED from tests\vr-test-android\AndroidManifest.xml
		INJECTED from tests\vr-test-android\AndroidManifest.xml
	android:minSdkVersion
		ADDED from tests\vr-test-android\AndroidManifest.xml:8:15-41
		INJECTED from tests\vr-test-android\AndroidManifest.xml
		INJECTED from tests\vr-test-android\AndroidManifest.xml
uses-feature#0x00020000
ADDED from tests\vr-test-android\AndroidManifest.xml:9:5-78
MERGED from [gdx-vr-extension:gdx-vr-android:1.0] AndroidManifest.xml:10:5-12:35
MERGED from [com.google.vr:sdk-base:1.20.0] AndroidManifest.xml:6:5-77
	android:glEsVersion
		ADDED from tests\vr-test-android\AndroidManifest.xml:9:19-51
	android:required
		ADDED from tests\vr-test-android\AndroidManifest.xml:9:52-75
uses-permission#android.permission.VIBRATE
ADDED from tests\vr-test-android\AndroidManifest.xml:12:5-65
MERGED from [gdx-vr-extension:gdx-vr-android:1.0] AndroidManifest.xml:15:5-66
	android:name
		ADDED from tests\vr-test-android\AndroidManifest.xml:12:22-63
uses-permission#android.permission.READ_EXTERNAL_STORAGE
ADDED from tests\vr-test-android\AndroidManifest.xml:14:5-79
MERGED from [gdx-vr-extension:gdx-vr-android:1.0] AndroidManifest.xml:17:5-80
MERGED from [com.google.vr:sdk-base:1.20.0] AndroidManifest.xml:9:5-79
	android:name
		ADDED from tests\vr-test-android\AndroidManifest.xml:14:22-77
uses-feature#android.hardware.sensor.accelerometer
ADDED from tests\vr-test-android\AndroidManifest.xml:17:5-97
	android:required
		ADDED from tests\vr-test-android\AndroidManifest.xml:17:72-95
	android:name
		ADDED from tests\vr-test-android\AndroidManifest.xml:17:19-71
uses-feature#android.hardware.sensor.gyroscope
ADDED from tests\vr-test-android\AndroidManifest.xml:18:5-93
	android:required
		ADDED from tests\vr-test-android\AndroidManifest.xml:18:68-91
	android:name
		ADDED from tests\vr-test-android\AndroidManifest.xml:18:19-67
application
ADDED from tests\vr-test-android\AndroidManifest.xml:20:5-40:19
	android:label
		ADDED from tests\vr-test-android\AndroidManifest.xml:23:9-41
	android:allowBackup
		ADDED from tests\vr-test-android\AndroidManifest.xml:21:9-35
	android:icon
		ADDED from tests\vr-test-android\AndroidManifest.xml:22:9-45
	android:theme
		ADDED from tests\vr-test-android\AndroidManifest.xml:24:9-40
activity#com.badlogic.gdx.vr.tests.AndroidLauncher
ADDED from tests\vr-test-android\AndroidManifest.xml:25:9-39:20
	android:screenOrientation
		ADDED from tests\vr-test-android\AndroidManifest.xml:28:13-50
	android:enableVrMode
		ADDED from tests\vr-test-android\AndroidManifest.xml:30:13-65
	android:label
		ADDED from tests\vr-test-android\AndroidManifest.xml:27:13-45
	android:resizeableActivity
		ADDED from tests\vr-test-android\AndroidManifest.xml:31:13-47
	android:configChanges
		ADDED from tests\vr-test-android\AndroidManifest.xml:29:13-74
	android:name
		ADDED from tests\vr-test-android\AndroidManifest.xml:26:13-44
intent-filter#android.intent.action.MAIN+android.intent.category.LAUNCHER+com.google.intent.category.CARDBOARD+com.google.intent.category.DAYDREAM
ADDED from tests\vr-test-android\AndroidManifest.xml:33:13-38:29
action#android.intent.action.MAIN
ADDED from tests\vr-test-android\AndroidManifest.xml:34:17-69
	android:name
		ADDED from tests\vr-test-android\AndroidManifest.xml:34:25-66
category#android.intent.category.LAUNCHER
ADDED from tests\vr-test-android\AndroidManifest.xml:35:17-77
	android:name
		ADDED from tests\vr-test-android\AndroidManifest.xml:35:27-74
category#com.google.intent.category.CARDBOARD
ADDED from tests\vr-test-android\AndroidManifest.xml:36:17-81
	android:name
		ADDED from tests\vr-test-android\AndroidManifest.xml:36:27-78
category#com.google.intent.category.DAYDREAM
ADDED from tests\vr-test-android\AndroidManifest.xml:37:17-80
	android:name
		ADDED from tests\vr-test-android\AndroidManifest.xml:37:27-77
uses-permission#android.permission.WRITE_EXTERNAL_STORAGE
ADDED from [com.google.vr:sdk-base:1.20.0] AndroidManifest.xml:10:5-80
	android:name
		ADDED from [com.google.vr:sdk-base:1.20.0] AndroidManifest.xml:10:22-78
uses-feature#android.software.vr.mode
ADDED from [com.google.vr:sdk-base:1.20.0] AndroidManifest.xml:13:5-85
	android:required
		ADDED from [com.google.vr:sdk-base:1.20.0] AndroidManifest.xml:13:59-83
	android:name
		ADDED from [com.google.vr:sdk-base:1.20.0] AndroidManifest.xml:13:19-58
uses-feature#android.hardware.vr.high_performance
ADDED from [com.google.vr:sdk-base:1.20.0] AndroidManifest.xml:15:5-97
	android:required
		ADDED from [com.google.vr:sdk-base:1.20.0] AndroidManifest.xml:15:71-95
	android:name
		ADDED from [com.google.vr:sdk-base:1.20.0] AndroidManifest.xml:15:19-70